  grid.cpp
C:\Users\edgar\source\repos\le_jeu_de_la_vie\src\grid.cpp(94,40): warning C4244: '=': conversión de 'double' a '_Ty'; posible pérdida de datos
          with
          [
              _Ty=int
          ]
C:\Users\edgar\source\repos\le_jeu_de_la_vie\src\grid.cpp(95,40): warning C4244: '=': conversión de 'double' a '_Ty'; posible pérdida de datos
          with
          [
              _Ty=int
          ]
C:\Users\edgar\source\repos\le_jeu_de_la_vie\src\grid.cpp(97,40): warning C4244: '=': conversión de 'double' a '_Ty'; posible pérdida de datos
          with
          [
              _Ty=int
          ]
C:\Users\edgar\source\repos\le_jeu_de_la_vie\src\grid.cpp(98,40): warning C4244: '=': conversión de 'double' a '_Ty'; posible pérdida de datos
          with
          [
              _Ty=int
          ]
  main.cpp
  Generando código...
  le_jue_de_la_vie.vcxproj -> C:\Users\edgar\source\repos\le_jeu_de_la_vie\le_jue_de_la_vie\Debug\le_jue_de_la_vie.exe
